This is pdfTeX, Version 3.1415926-2.5-1.40.14 (TeX Live 2013) (format=pdflatex 2013.11.12)  16 DEC 2013 20:36
entering extended mode
 restricted \write18 enabled.
 file:line:error style messages enabled.
 %&-line parsing enabled.
**miniproject_main.tex
(./miniproject_main.tex
LaTeX2e <2011/06/27>
Babel <3.9f> and hyphenation patterns for 78 languages loaded.
(/usr/local/texlive/2013/texmf-dist/tex/latex/base/article.cls
Document Class: article 2007/10/19 v1.4h Standard LaTeX document class
(/usr/local/texlive/2013/texmf-dist/tex/latex/base/size10.clo
File: size10.clo 2007/10/19 v1.4h Standard LaTeX file (size option)
)
\c@part=\count79
\c@section=\count80
\c@subsection=\count81
\c@subsubsection=\count82
\c@paragraph=\count83
\c@subparagraph=\count84
\c@figure=\count85
\c@table=\count86
\abovecaptionskip=\skip41
\belowcaptionskip=\skip42
\bibindent=\dimen102
)
(/usr/local/texlive/2013/texmf-dist/tex/latex/titling/titling.sty
Package: titling 2009/09/04 v2.1d maketitle typesetting
\thanksmarkwidth=\skip43
\thanksmargin=\skip44
\droptitle=\skip45
)
(/usr/local/texlive/2013/texmf-dist/tex/latex/fancyhdr/fancyhdr.sty
\fancy@headwidth=\skip46
\f@ncyO@elh=\skip47
\f@ncyO@erh=\skip48
\f@ncyO@olh=\skip49
\f@ncyO@orh=\skip50
\f@ncyO@elf=\skip51
\f@ncyO@erf=\skip52
\f@ncyO@olf=\skip53
\f@ncyO@orf=\skip54
)
(./Preamble.tex (/usr/local/texlive/2013/texmf-dist/tex/generic/babel/babel.sty
Package: babel 2013/05/16 v3.9f The Babel package
(/usr/local/texlive/2013/texmf-dist/tex/generic/babel-english/english.ldf
Language: english 2012/08/20 v3.3p English support from the babel system

(/usr/local/texlive/2013/texmf-dist/tex/generic/babel/babel.def
File: babel.def 2013/05/16 v3.9f Babel common definitions
\babel@savecnt=\count87
\U@D=\dimen103
)
\l@canadian = a dialect from \language\l@american 
\l@australian = a dialect from \language\l@british 
\l@newzealand = a dialect from \language\l@british 
))
(/usr/local/texlive/2013/texmf-dist/tex/latex/base/inputenc.sty
Package: inputenc 2008/03/30 v1.1d Input encoding file
\inpenc@prehook=\toks14
\inpenc@posthook=\toks15

(/usr/local/texlive/2013/texmf-dist/tex/latex/base/latin1.def
File: latin1.def 2008/03/30 v1.1d Input encoding file
))
(/usr/local/texlive/2013/texmf-dist/tex/latex/base/fontenc.sty
Package: fontenc 2005/09/27 v1.99g Standard LaTeX package

(/usr/local/texlive/2013/texmf-dist/tex/latex/base/t1enc.def
File: t1enc.def 2005/09/27 v1.99g Standard LaTeX file
LaTeX Font Info:    Redeclaring font encoding T1 on input line 43.
))
(/usr/local/texlive/2013/texmf-dist/tex/latex/etex-pkg/etex.sty
Package: etex 1998/03/26 v2.0 eTeX basic definition package (PEB)
\et@xins=\count88
)
(/usr/local/texlive/2013/texmf-dist/tex/latex/mh/mathtools.sty
Package: mathtools 2013/02/12 v1.13 mathematical typesetting tools

(/usr/local/texlive/2013/texmf-dist/tex/latex/graphics/keyval.sty
Package: keyval 1999/03/16 v1.13 key=value parser (DPC)
\KV@toks@=\toks16
)
(/usr/local/texlive/2013/texmf-dist/tex/latex/tools/calc.sty
Package: calc 2007/08/22 v4.3 Infix arithmetic (KKT,FJ)
\calc@Acount=\count89
\calc@Bcount=\count90
\calc@Adimen=\dimen104
\calc@Bdimen=\dimen105
\calc@Askip=\skip55
\calc@Bskip=\skip56
LaTeX Info: Redefining \setlength on input line 76.
LaTeX Info: Redefining \addtolength on input line 77.
\calc@Ccount=\count91
\calc@Cskip=\skip57
)
(/usr/local/texlive/2013/texmf-dist/tex/latex/mh/mhsetup.sty
Package: mhsetup 2010/01/21 v1.2a programming setup (MH)
)
(/usr/local/texlive/2013/texmf-dist/tex/latex/amsmath/amsmath.sty
Package: amsmath 2013/01/14 v2.14 AMS math features
\@mathmargin=\skip58

For additional information on amsmath, use the `?' option.
(/usr/local/texlive/2013/texmf-dist/tex/latex/amsmath/amstext.sty
Package: amstext 2000/06/29 v2.01

(/usr/local/texlive/2013/texmf-dist/tex/latex/amsmath/amsgen.sty
File: amsgen.sty 1999/11/30 v2.0
\@emptytoks=\toks17
\ex@=\dimen106
))
(/usr/local/texlive/2013/texmf-dist/tex/latex/amsmath/amsbsy.sty
Package: amsbsy 1999/11/29 v1.2d
\pmbraise@=\dimen107
)
(/usr/local/texlive/2013/texmf-dist/tex/latex/amsmath/amsopn.sty
Package: amsopn 1999/12/14 v2.01 operator names
)
\inf@bad=\count92
LaTeX Info: Redefining \frac on input line 210.
\uproot@=\count93
\leftroot@=\count94
LaTeX Info: Redefining \overline on input line 306.
\classnum@=\count95
\DOTSCASE@=\count96
LaTeX Info: Redefining \ldots on input line 378.
LaTeX Info: Redefining \dots on input line 381.
LaTeX Info: Redefining \cdots on input line 466.
\Mathstrutbox@=\box26
\strutbox@=\box27
\big@size=\dimen108
LaTeX Font Info:    Redeclaring font encoding OML on input line 566.
LaTeX Font Info:    Redeclaring font encoding OMS on input line 567.
\macc@depth=\count97
\c@MaxMatrixCols=\count98
\dotsspace@=\muskip10
\c@parentequation=\count99
\dspbrk@lvl=\count100
\tag@help=\toks18
\row@=\count101
\column@=\count102
\maxfields@=\count103
\andhelp@=\toks19
\eqnshift@=\dimen109
\alignsep@=\dimen110
\tagshift@=\dimen111
\tagwidth@=\dimen112
\totwidth@=\dimen113
\lineht@=\dimen114
\@envbody=\toks20
\multlinegap=\skip59
\multlinetaggap=\skip60
\mathdisplay@stack=\toks21
LaTeX Info: Redefining \[ on input line 2665.
LaTeX Info: Redefining \] on input line 2666.
)
LaTeX Info: Thecontrolsequence`\['isalreadyrobust on input line 129.
LaTeX Info: Thecontrolsequence`\]'isalreadyrobust on input line 129.
\g_MT_multlinerow_int=\count104
\l_MT_multwidth_dim=\dimen115
\origjot=\skip61
\l_MT_shortvdotswithinadjustabove_dim=\dimen116
\l_MT_shortvdotswithinadjustbelow_dim=\dimen117
\l_MT_above_intertext_sep=\dimen118
\l_MT_below_intertext_sep=\dimen119
\l_MT_above_shortintertext_sep=\dimen120
\l_MT_below_shortintertext_sep=\dimen121
)
(/usr/local/texlive/2013/texmf-dist/tex/latex/tools/varioref.sty
Package: varioref 2011/10/02 v1.4z package for extended references (FMi)
\c@vrcnt=\count105
)
(/usr/local/texlive/2013/texmf-dist/tex/latex/multirow/multirow.sty
\bigstrutjot=\dimen122
)
(/usr/local/texlive/2013/texmf-dist/tex/latex/booktabs/booktabs.sty
Package: booktabs 2005/04/14 v1.61803 publication quality tables
\heavyrulewidth=\dimen123
\lightrulewidth=\dimen124
\cmidrulewidth=\dimen125
\belowrulesep=\dimen126
\belowbottomsep=\dimen127
\aboverulesep=\dimen128
\abovetopsep=\dimen129
\cmidrulesep=\dimen130
\cmidrulekern=\dimen131
\defaultaddspace=\dimen132
\@cmidla=\count106
\@cmidlb=\count107
\@aboverulesep=\dimen133
\@belowrulesep=\dimen134
\@thisruleclass=\count108
\@lastruleclass=\count109
\@thisrulewidth=\dimen135
)
(/usr/local/texlive/2013/texmf-dist/tex/latex/tools/array.sty
Package: array 2008/09/09 v2.4c Tabular extension package (FMi)
\col@sep=\dimen136
\extrarowheight=\dimen137
\NC@list=\toks22
\extratabsurround=\skip62
\backup@length=\skip63
)
(/usr/local/texlive/2013/texmf-dist/tex/latex/listings/listings.sty
\lst@mode=\count110
\lst@gtempboxa=\box28
\lst@token=\toks23
\lst@length=\count111
\lst@currlwidth=\dimen138
\lst@column=\count112
\lst@pos=\count113
\lst@lostspace=\dimen139
\lst@width=\dimen140
\lst@newlines=\count114
\lst@lineno=\count115
\lst@maxwidth=\dimen141

(/usr/local/texlive/2013/texmf-dist/tex/latex/listings/lstmisc.sty
File: lstmisc.sty 2007/02/22 1.4 (Carsten Heinz)
\c@lstnumber=\count116
\lst@skipnumbers=\count117
\lst@framebox=\box29
)
(/usr/local/texlive/2013/texmf-dist/tex/latex/listings/listings.cfg
File: listings.cfg 2007/02/22 1.4 listings configuration
))
Package: listings 2007/02/22 1.4 (Carsten Heinz)

(/usr/local/texlive/2013/texmf-dist/tex/latex/listings/lstlang1.sty
File: lstlang1.sty 2004/09/05 1.3 listings language file
)
(/usr/local/texlive/2013/texmf-dist/tex/latex/listings/lstlang2.sty
File: lstlang2.sty 2004/09/05 1.3 listings language file
)
(/usr/local/texlive/2013/texmf-dist/tex/latex/listings/lstlang3.sty
File: lstlang3.sty 2004/09/05 1.3 listings language file
)
(/usr/local/texlive/2013/texmf-dist/tex/latex/graphics/graphicx.sty
Package: graphicx 1999/02/16 v1.0f Enhanced LaTeX Graphics (DPC,SPQR)

(/usr/local/texlive/2013/texmf-dist/tex/latex/graphics/graphics.sty
Package: graphics 2009/02/05 v1.0o Standard LaTeX Graphics (DPC,SPQR)

(/usr/local/texlive/2013/texmf-dist/tex/latex/graphics/trig.sty
Package: trig 1999/03/16 v1.09 sin cos tan (DPC)
)
(/usr/local/texlive/2013/texmf-dist/tex/latex/latexconfig/graphics.cfg
File: graphics.cfg 2010/04/23 v1.9 graphics configuration of TeX Live
)
Package graphics Info: Driver file: pdftex.def on input line 91.

(/usr/local/texlive/2013/texmf-dist/tex/latex/pdftex-def/pdftex.def
File: pdftex.def 2011/05/27 v0.06d Graphics/color for pdfTeX

(/usr/local/texlive/2013/texmf-dist/tex/generic/oberdiek/infwarerr.sty
Package: infwarerr 2010/04/08 v1.3 Providing info/warning/error messages (HO)
)
(/usr/local/texlive/2013/texmf-dist/tex/generic/oberdiek/ltxcmds.sty
Package: ltxcmds 2011/11/09 v1.22 LaTeX kernel commands for general use (HO)
)
\Gread@gobject=\count118
))
\Gin@req@height=\dimen142
\Gin@req@width=\dimen143
)
(/usr/local/texlive/2013/texmf-dist/tex/latex/graphics/color.sty
Package: color 2005/11/14 v1.0j Standard LaTeX Color (DPC)

(/usr/local/texlive/2013/texmf-dist/tex/latex/latexconfig/color.cfg
File: color.cfg 2007/01/18 v1.5 color configuration of teTeX/TeXLive
)
Package color Info: Driver file: pdftex.def on input line 130.

(/usr/local/texlive/2013/texmf-dist/tex/latex/graphics/dvipsnam.def
File: dvipsnam.def 1999/02/16 v3.0i Driver-dependant file (DPC,SPQR)
))
(/usr/local/texlive/2013/texmf-dist/tex/latex/hyperref/hyperref.sty
Package: hyperref 2012/11/06 v6.83m Hypertext links for LaTeX

(/usr/local/texlive/2013/texmf-dist/tex/generic/oberdiek/hobsub-hyperref.sty
Package: hobsub-hyperref 2012/05/28 v1.13 Bundle oberdiek, subset hyperref (HO)


(/usr/local/texlive/2013/texmf-dist/tex/generic/oberdiek/hobsub-generic.sty
Package: hobsub-generic 2012/05/28 v1.13 Bundle oberdiek, subset generic (HO)
Package: hobsub 2012/05/28 v1.13 Construct package bundles (HO)
Package hobsub Info: Skipping package `infwarerr' (already loaded).
Package hobsub Info: Skipping package `ltxcmds' (already loaded).
Package: ifluatex 2010/03/01 v1.3 Provides the ifluatex switch (HO)
Package ifluatex Info: LuaTeX not detected.
Package: ifvtex 2010/03/01 v1.5 Detect VTeX and its facilities (HO)
Package ifvtex Info: VTeX not detected.
Package: intcalc 2007/09/27 v1.1 Expandable calculations with integers (HO)
Package: ifpdf 2011/01/30 v2.3 Provides the ifpdf switch (HO)
Package ifpdf Info: pdfTeX in PDF mode is detected.
Package: etexcmds 2011/02/16 v1.5 Avoid name clashes with e-TeX commands (HO)
Package etexcmds Info: Could not find \expanded.
(etexcmds)             That can mean that you are not using pdfTeX 1.50 or
(etexcmds)             that some package has redefined \expanded.
(etexcmds)             In the latter case, load this package earlier.
Package: kvsetkeys 2012/04/25 v1.16 Key value parser (HO)
Package: kvdefinekeys 2011/04/07 v1.3 Define keys (HO)
Package: pdftexcmds 2011/11/29 v0.20 Utility functions of pdfTeX for LuaTeX (HO
)
Package pdftexcmds Info: LuaTeX not detected.
Package pdftexcmds Info: \pdf@primitive is available.
Package pdftexcmds Info: \pdf@ifprimitive is available.
Package pdftexcmds Info: \pdfdraftmode found.
Package: pdfescape 2011/11/25 v1.13 Implements pdfTeX's escape features (HO)
Package: bigintcalc 2012/04/08 v1.3 Expandable calculations on big integers (HO
)
Package: bitset 2011/01/30 v1.1 Handle bit-vector datatype (HO)
Package: uniquecounter 2011/01/30 v1.2 Provide unlimited unique counter (HO)
)
Package hobsub Info: Skipping package `hobsub' (already loaded).
Package: letltxmacro 2010/09/02 v1.4 Let assignment for LaTeX macros (HO)
Package: hopatch 2012/05/28 v1.2 Wrapper for package hooks (HO)
Package: xcolor-patch 2011/01/30 xcolor patch
Package: atveryend 2011/06/30 v1.8 Hooks at the very end of document (HO)
Package atveryend Info: \enddocument detected (standard20110627).
Package: atbegshi 2011/10/05 v1.16 At begin shipout hook (HO)
Package: refcount 2011/10/16 v3.4 Data extraction from label references (HO)
Package: hycolor 2011/01/30 v1.7 Color options for hyperref/bookmark (HO)
)
(/usr/local/texlive/2013/texmf-dist/tex/generic/ifxetex/ifxetex.sty
Package: ifxetex 2010/09/12 v0.6 Provides ifxetex conditional
)
(/usr/local/texlive/2013/texmf-dist/tex/latex/oberdiek/auxhook.sty
Package: auxhook 2011/03/04 v1.3 Hooks for auxiliary files (HO)
)
(/usr/local/texlive/2013/texmf-dist/tex/latex/oberdiek/kvoptions.sty
Package: kvoptions 2011/06/30 v3.11 Key value format for package options (HO)
)
\@linkdim=\dimen144
\Hy@linkcounter=\count119
\Hy@pagecounter=\count120

(/usr/local/texlive/2013/texmf-dist/tex/latex/hyperref/pd1enc.def
File: pd1enc.def 2012/11/06 v6.83m Hyperref: PDFDocEncoding definition (HO)
)
\Hy@SavedSpaceFactor=\count121

(/usr/local/texlive/2013/texmf-dist/tex/latex/latexconfig/hyperref.cfg
File: hyperref.cfg 2002/06/06 v1.2 hyperref configuration of TeXLive
)

Package hyperref Warning: Option `a4paper' is no longer used.

Package hyperref Info: Option `bookmarks' set `true' on input line 4319.
Package hyperref Info: Option `bookmarksopen' set `false' on input line 4319.
Package hyperref Info: Option `bookmarksnumbered' set `true' on input line 4319
.
Package hyperref Info: Option `colorlinks' set `false' on input line 4319.
Package hyperref Info: Option `breaklinks' set `true' on input line 4319.

Package hyperref Warning: Unexpected value `true'
(hyperref)                of option `backref' instead of
(hyperref)                `section', `slide', `page', `none',
(hyperref)                or `false' on input line 4319.

Package hyperref Info: Hyper figures OFF on input line 4443.
Package hyperref Info: Link nesting OFF on input line 4448.
Package hyperref Info: Hyper index ON on input line 4451.
Package hyperref Info: Plain pages OFF on input line 4458.
Package hyperref Info: Backreferencing OFF on input line 4463.
Package hyperref Info: Implicit mode ON; LaTeX internals redefined.
Package hyperref Info: Bookmarks ON on input line 4688.
\c@Hy@tempcnt=\count122
(/usr/local/texlive/2013/texmf-dist/tex/latex/url/url.sty
\Urlmuskip=\muskip11
Package: url 2006/04/12  ver 3.3  Verb mode for urls, etc.
)
LaTeX Info: Redefining \url on input line 5041.
\XeTeXLinkMargin=\dimen145
\Fld@menulength=\count123
\Field@Width=\dimen146
\Fld@charsize=\dimen147
Package hyperref Info: Hyper figures OFF on input line 6295.
Package hyperref Info: Link nesting OFF on input line 6300.
Package hyperref Info: Hyper index ON on input line 6303.
Package hyperref Info: backreferencing OFF on input line 6310.
Package hyperref Info: Link coloring OFF on input line 6315.
Package hyperref Info: Link coloring with OCG OFF on input line 6320.
Package hyperref Info: PDF/A mode OFF on input line 6325.
LaTeX Info: Redefining \ref on input line 6365.
LaTeX Info: Redefining \pageref on input line 6369.
\Hy@abspage=\count124
\c@Item=\count125
\c@Hfootnote=\count126
)

Package hyperref Message: Driver (autodetected): hpdftex.

(/usr/local/texlive/2013/texmf-dist/tex/latex/hyperref/hpdftex.def
File: hpdftex.def 2012/11/06 v6.83m Hyperref driver for pdfTeX
\Fld@listcount=\count127
\c@bookmark@seq@number=\count128

(/usr/local/texlive/2013/texmf-dist/tex/latex/oberdiek/rerunfilecheck.sty
Package: rerunfilecheck 2011/04/15 v1.7 Rerun checks for auxiliary files (HO)
Package uniquecounter Info: New unique counter `rerunfilecheck' on input line 2
82.
)
\Hy@SectionHShift=\skip64
)
(/usr/local/texlive/2013/texmf-dist/tex/latex/oberdiek/bookmark.sty
Package: bookmark 2011/12/02 v1.24 PDF bookmarks (HO)

(/usr/local/texlive/2013/texmf-dist/tex/latex/oberdiek/bkm-pdftex.def
File: bkm-pdftex.def 2011/12/02 v1.24 bookmark driver for pdfTeX (HO)
\BKM@id=\count129
))
Package hyperref Info: Option `colorlinks' set `true' on input line 76.

(/usr/local/texlive/2013/texmf-dist/tex/latex/amsfonts/amssymb.sty
Package: amssymb 2013/01/14 v3.01 AMS font symbols

(/usr/local/texlive/2013/texmf-dist/tex/latex/amsfonts/amsfonts.sty
Package: amsfonts 2013/01/14 v3.01 Basic AMSFonts support
\symAMSa=\mathgroup4
\symAMSb=\mathgroup5
LaTeX Font Info:    Overwriting math alphabet `\mathfrak' in version `bold'
(Font)                  U/euf/m/n --> U/euf/b/n on input line 106.
))
(/usr/local/texlive/2013/texmf-dist/tex/latex/tools/bm.sty
Package: bm 2004/02/26 v1.1c Bold Symbol Support (DPC/FMi)
\symboldoperators=\mathgroup6
\symboldletters=\mathgroup7
\symboldsymbols=\mathgroup8
LaTeX Font Info:    Redeclaring math alphabet \mathbf on input line 138.
LaTeX Info: Redefining \bm on input line 204.
)
(/usr/local/texlive/2013/texmf-dist/tex/latex/xargs/xargs.sty
Package: xargs 2008/03/22 v1.1  extended macro definitions  (mpg)

(/usr/local/texlive/2013/texmf-dist/tex/latex/xkeyval/xkeyval.sty
Package: xkeyval 2012/10/14 v2.6b package option processing (HA)

(/usr/local/texlive/2013/texmf-dist/tex/generic/xkeyval/xkeyval.tex
\XKV@toks=\toks24
\XKV@tempa@toks=\toks25
\XKV@depth=\count130
File: xkeyval.tex 2012/10/14 v2.6b key=value parser (HA)
))
\xargs@max=\count131
\xargs@toksa=\toks26
\xargs@toksb=\toks27
)
(./_New_commands.tex)
(/usr/local/texlive/2013/texmf-dist/tex/latex/mh/empheq.sty
Package: empheq 2013/02/12 v2.13 Emphasizing equations
\l_EQ_equationtype_int=\count132
\l_EQ_alignmentmode_int=\count133
\l_EQ_totalwidth_dim=\dimen148
\l_EQ_displaywidth_dim=\dimen149
\l_EQ_temp_linewidth_dim=\dimen150
\EmphEqdelimitershortfall=\dimen151
\EmphEqdelimiterfactor=\count134
\g_EQ_toptag_height_dim=\dimen152
\g_EQ_bottomtag_depth_dim=\dimen153
\g_EQ_toprow_height_dim=\dimen154
\g_EQ_bottomrow_depth_dim=\dimen155
\g_EQ_widesttag_dim=\dimen156
\EQ_mathdisplay_box=\box30
\EQ_tag_box=\box31
\g_EQ_temprow_int=\count135
\mintagvsep=\skip65
)
(/usr/local/texlive/2013/texmf-dist/tex/latex/ntheorem/ntheorem.sty
Style `ntheorem', Version 1.33 <2011/08/15>
Package: ntheorem 2011/08/15 1.33
(/usr/local/texlive/2013/texmf-dist/tex/latex/base/ifthen.sty
Package: ifthen 2001/05/26 v1.1c Standard LaTeX ifthen package (DPC)
)
\theorem@style=\toks28
\theorem@@style=\toks29
\theorembodyfont=\toks30
\theoremnumbering=\toks31
\theorempreskipamount=\skip66
\theorempostskipamount=\skip67
\theoremframepreskipamount=\skip68
\theoremframepostskipamount=\skip69
\theoreminframepreskipamount=\skip70
\theoreminframepostskipamount=\skip71
\theorem@preskip=\toks32
\theorem@postskip=\toks33
\theorem@framepreskip=\toks34
\theorem@framepostskip=\toks35
\theorem@inframepreskip=\toks36
\theorem@inframepostskip=\toks37
\theoremindent=\dimen157
\theorem@indent=\dimen158
\theoremrightindent=\dimen159
\theorem@rightindent=\dimen160
\theoremheaderfont=\toks38
\theoremseparator=\toks39
\theoremprework=\toks40
\theorempostwork=\toks41
\theoremsymbol=\toks42
\qedsymbol=\toks43
\theoremkeyword=\toks44
\qedsymbol=\toks45
\thm@topsep=\skip72
\thm@topsepadd=\skip73
Package ntheorem Info: Option `thmmarks' loaded on input line 1175.
\c@endNonectr=\count136
\c@currNonectr=\count137
\mysavskip=\skip74
Package ntheorem Info: Option `thref' loaded on input line 1175.
\mysavskip=\skip75
Package ntheorem Info: Standard config file ntheorem.std used on input line 118
4.

(/usr/local/texlive/2013/texmf-dist/tex/latex/ntheorem/ntheorem.std
(/usr/local/texlive/2013/texmf-dist/tex/latex/base/latexsym.sty
Package: latexsym 1998/08/17 v2.2e Standard LaTeX package (lasy symbols)
\symlasy=\mathgroup9
LaTeX Font Info:    Overwriting symbol font `lasy' in version `bold'
(Font)                  U/lasy/m/n --> U/lasy/b/n on input line 47.
)
\c@currTheoremctr=\count138
\c@endTheoremctr=\count139
\c@Theorem=\count140
\c@currtheoremctr=\count141
\c@endtheoremctr=\count142
\c@theorem=\count143
\c@currSatzctr=\count144
\c@endSatzctr=\count145
\c@Satz=\count146
\c@currsatzctr=\count147
\c@endsatzctr=\count148
\c@satz=\count149
\c@currPropositionctr=\count150
\c@endPropositionctr=\count151
\c@Proposition=\count152
\c@currpropositionctr=\count153
\c@endpropositionctr=\count154
\c@proposition=\count155
\c@currLemmactr=\count156
\c@endLemmactr=\count157
\c@Lemma=\count158
\c@currlemmactr=\count159
\c@endlemmactr=\count160
\c@lemma=\count161
\c@currKorollarctr=\count162
\c@endKorollarctr=\count163
\c@Korollar=\count164
\c@currkorollarctr=\count165
\c@endkorollarctr=\count166
\c@korollar=\count167
\c@currCorollaryctr=\count168
\c@endCorollaryctr=\count169
\c@Corollary=\count170
\c@currcorollaryctr=\count171
\c@endcorollaryctr=\count172
\c@corollary=\count173
\c@currExamplectr=\count174
\c@endExamplectr=\count175
\c@Example=\count176
\c@currexamplectr=\count177
\c@endexamplectr=\count178
\c@example=\count179
\c@currBeispielctr=\count180
\c@endBeispielctr=\count181
\c@Beispiel=\count182
\c@currbeispielctr=\count183
\c@endbeispielctr=\count184
\c@beispiel=\count185
\c@currBemerkungctr=\count186
\c@endBemerkungctr=\count187
\c@Bemerkung=\count188
\c@currbemerkungctr=\count189
\c@endbemerkungctr=\count190
\c@bemerkung=\count191
\c@currAnmerkungctr=\count192
\c@endAnmerkungctr=\count193
\c@Anmerkung=\count194
\c@curranmerkungctr=\count195
\c@endanmerkungctr=\count196
\c@anmerkung=\count197
\c@currRemarkctr=\count198
\c@endRemarkctr=\count199
\c@Remark=\count200
\c@currremarkctr=\count201
\c@endremarkctr=\count202
\c@remark=\count203
\c@currDefinitionctr=\count204
\c@endDefinitionctr=\count205
\c@Definition=\count206
\c@currdefinitionctr=\count207
\c@enddefinitionctr=\count208
\c@definition=\count209
\c@currProofctr=\count210
\c@endProofctr=\count211
\c@Proof=\count212
\c@currproofctr=\count213
\c@endproofctr=\count214
\c@proof=\count215
\c@currBeweisctr=\count216
\c@endBeweisctr=\count217
\c@Beweis=\count218
\c@currbeweisctr=\count219
\c@endbeweisctr=\count220
\c@beweis=\count221
))
\c@currnumberedtheoremctr=\count222
\c@endnumberedtheoremctr=\count223
\c@numberedtheorem=\count224

(/usr/local/texlive/2013/texmf-dist/tex/latex/lipsum/lipsum.sty
Package: lipsum 2011/04/14 v1.2 150 paragraphs of Lorem Ipsum dummy text
\c@lips@count=\count225
)
(/usr/local/texlive/2013/texmf-dist/tex/latex/tools/enumerate.sty
Package: enumerate 1999/03/05 v3.00 enumerate extensions (DPC)
\@enLab=\toks46
)
(/usr/local/texlive/2013/texmf-dist/tex/latex/subfigure/subfigure.sty
Package: subfigure 2002/03/15 v2.1.5 subfigure package
\subfigtopskip=\skip76
\subfigcapskip=\skip77
\subfigcaptopadj=\dimen161
\subfigbottomskip=\skip78
\subfigcapmargin=\dimen162
\subfiglabelskip=\skip79
\c@subfigure=\count226
\c@lofdepth=\count227
\c@subtable=\count228
\c@lotdepth=\count229

****************************************
* Local config file subfigure.cfg used *
****************************************
(/usr/local/texlive/2013/texmf-dist/tex/latex/subfigure/subfigure.cfg)
\subfig@top=\skip80
\subfig@bottom=\skip81
))
(/usr/local/texlive/2013/texmf-dist/tex/latex/captcont/captcont.sty
Package: captcont 2002/02/14 v2.0 captcont package
)
(/usr/local/texlive/2013/texmf-dist/tex/latex/geometry/geometry.sty
Package: geometry 2010/09/12 v5.6 Page Geometry
\Gm@cnth=\count230
\Gm@cntv=\count231
\c@Gm@tempcnt=\count232
\Gm@bindingoffset=\dimen163
\Gm@wd@mp=\dimen164
\Gm@odd@mp=\dimen165
\Gm@even@mp=\dimen166
\Gm@layoutwidth=\dimen167
\Gm@layoutheight=\dimen168
\Gm@layouthoffset=\dimen169
\Gm@layoutvoffset=\dimen170
\Gm@dimlist=\toks47
)
(./miniproject_main.aux)
\openout1 = `miniproject_main.aux'.

LaTeX Font Info:    Checking defaults for OML/cmm/m/it on input line 27.
LaTeX Font Info:    ... okay on input line 27.
LaTeX Font Info:    Checking defaults for T1/cmr/m/n on input line 27.
LaTeX Font Info:    ... okay on input line 27.
LaTeX Font Info:    Checking defaults for OT1/cmr/m/n on input line 27.
LaTeX Font Info:    ... okay on input line 27.
LaTeX Font Info:    Checking defaults for OMS/cmsy/m/n on input line 27.
LaTeX Font Info:    ... okay on input line 27.
LaTeX Font Info:    Checking defaults for OMX/cmex/m/n on input line 27.
LaTeX Font Info:    ... okay on input line 27.
LaTeX Font Info:    Checking defaults for U/cmr/m/n on input line 27.
LaTeX Font Info:    ... okay on input line 27.
LaTeX Font Info:    Checking defaults for PD1/pdf/m/n on input line 27.
LaTeX Font Info:    ... okay on input line 27.
\c@lstlisting=\count233

(/usr/local/texlive/2013/texmf-dist/tex/context/base/supp-pdf.mkii
[Loading MPS to PDF converter (version 2006.09.02).]
Normal \count register pool exhausted, switching to extended pool.
\scratchcounter=\count277
\scratchdimen=\dimen171
\scratchbox=\box32
\nofMPsegments=\count278
\nofMParguments=\count279
\everyMPshowfont=\toks48
\MPscratchCnt=\count280
\MPscratchDim=\dimen172
\MPnumerator=\count281
\makeMPintoPDFobject=\count282
\everyMPtoPDFconversion=\toks49
) (/usr/local/texlive/2013/texmf-dist/tex/latex/oberdiek/epstopdf-base.sty
Package: epstopdf-base 2010/02/09 v2.5 Base part for package epstopdf

(/usr/local/texlive/2013/texmf-dist/tex/latex/oberdiek/grfext.sty
Package: grfext 2010/08/19 v1.1 Manage graphics extensions (HO)
)
Package grfext Info: Graphics extension search list:
(grfext)             [.png,.pdf,.jpg,.mps,.jpeg,.jbig2,.jb2,.PNG,.PDF,.JPG,.JPE
G,.JBIG2,.JB2,.eps]
(grfext)             \AppendGraphicsExtensions on input line 452.

(/usr/local/texlive/2013/texmf-dist/tex/latex/latexconfig/epstopdf-sys.cfg
File: epstopdf-sys.cfg 2010/07/13 v1.3 Configuration of (r)epstopdf for TeX Liv
e
))
\AtBeginShipoutBox=\box33
Package hyperref Info: Link coloring ON on input line 27.

(/usr/local/texlive/2013/texmf-dist/tex/latex/hyperref/nameref.sty
Package: nameref 2012/10/27 v2.43 Cross-referencing by name of section

(/usr/local/texlive/2013/texmf-dist/tex/generic/oberdiek/gettitlestring.sty
Package: gettitlestring 2010/12/03 v1.4 Cleanup title references (HO)
)
\c@section@level=\count283
LaTeX Info: Redefining \Ref on input line 513.
)
LaTeX Info: Redefining \ref on input line 27.
LaTeX Info: Redefining \pageref on input line 27.
LaTeX Info: Redefining \nameref on input line 27.
LaTeX Info: Redefining \Ref on input line 27.
LaTeX Info: Redefining \[ on input line 27.
LaTeX Info: Redefining \] on input line 27.

*geometry* driver: auto-detecting
*geometry* detected driver: pdftex
*geometry* verbose mode - [ preamble ] result:
* driver: pdftex
* paper: a4paper
* layout: <same size as paper>
* layoutoffset:(h,v)=(0.0pt,0.0pt)
* modes: 
* h-part:(L,W,R)=(71.13188pt, 455.24411pt, 71.13188pt)
* v-part:(T,H,B)=(81.09052pt, 682.86581pt, 81.09052pt)
* \paperwidth=597.50787pt
* \paperheight=845.04684pt
* \textwidth=455.24411pt
* \textheight=682.86581pt
* \oddsidemargin=-1.1381pt
* \evensidemargin=-1.1381pt
* \topmargin=-28.17947pt
* \headheight=12.0pt
* \headsep=25.0pt
* \topskip=10.0pt
* \footskip=30.0pt
* \marginparwidth=57.0pt
* \marginparsep=11.0pt
* \columnsep=10.0pt
* \skip\footins=9.0pt plus 4.0pt minus 2.0pt
* \hoffset=0.0pt
* \voffset=0.0pt
* \mag=1000
* \@twocolumnfalse
* \@twosidefalse
* \@mparswitchfalse
* \@reversemarginfalse
* (1in=72.27pt=25.4mm, 1cm=28.453pt)

LaTeX Font Info:    Try loading font information for U+msa on input line 31.
(/usr/local/texlive/2013/texmf-dist/tex/latex/amsfonts/umsa.fd
File: umsa.fd 2013/01/14 v3.01 AMS symbols A
)
LaTeX Font Info:    Try loading font information for U+msb on input line 31.

(/usr/local/texlive/2013/texmf-dist/tex/latex/amsfonts/umsb.fd
File: umsb.fd 2013/01/14 v3.01 AMS symbols B
)
LaTeX Font Info:    Try loading font information for U+lasy on input line 31.

(/usr/local/texlive/2013/texmf-dist/tex/latex/base/ulasy.fd
File: ulasy.fd 1998/08/17 v2.2e LaTeX symbol font definitions
)
(./miniproject_MLP.tex [1

{/usr/local/texlive/2013/texmf-var/fonts/map/pdftex/updmap/pdftex.map}]
Overfull \hbox (11.89227pt too wide) in paragraph at lines 48--55
[]\T1/cmr/m/n/10 As a re-sult, the resid-ual for the first layer is ex-pressed 
as $\OML/cmm/m/it/10 r[] \OT1/cmr/m/n/10 = []$
 []

<plots/h1,mu,eta.png, id=29, 803.0pt x 453.695pt>
File: plots/h1,mu,eta.png Graphic file (type png)
 <use plots/h1,mu,eta.png>
Package pdftex.def Info: plots/h1,mu,eta.png used on input line 76.
(pdftex.def)             Requested size: 450.69417pt x 254.64899pt.

[2]

LaTeX Warning: Reference `fig:' on page 3 undefined on input line 89.

<plots/overfitting.png, id=39, 398.48875pt x 178.6675pt>
File: plots/overfitting.png Graphic file (type png)

<use plots/overfitting.png>
Package pdftex.def Info: plots/overfitting.png used on input line 94.
(pdftex.def)             Requested size: 450.69417pt x 202.08275pt.
 <plots/3error.png, id=42, 718.685pt x 219.82124pt>
File: plots/3error.png Graphic file (type png)

<use plots/3error.png>
Package pdftex.def Info: plots/3error.png used on input line 110.
(pdftex.def)             Requested size: 450.69417pt x 137.85416pt.
 <plots/testerror.png, id=45, 703.62875pt x 189.70876pt>
File: plots/testerror.png Graphic file (type png)

<use plots/testerror.png>
Package pdftex.def Info: plots/testerror.png used on input line 119.
(pdftex.def)             Requested size: 450.69417pt x 121.5116pt.
 [3 <./plots/h1,mu,eta.png (PNG copy)>] [4 <./plots/overfitting.png (PNG copy)>
 <./plots/3error.png (PNG copy)>]
<plots/largest_closetozero.png, id=66, 635.37375pt x 188.705pt>
File: plots/largest_closetozero.png Graphic file (type png)

<use plots/largest_closetozero.png>
Package pdftex.def Info: plots/largest_closetozero.png used on input line 128.
(pdftex.def)             Requested size: 450.69417pt x 133.86053pt.
)
\tf@thm=\write3
\openout3 = `miniproject_main.thm'.

Package atveryend Info: Empty hook `BeforeClearDocument' on input line 40.
 [5 <./plots/testerror.png (PNG copy)> <./plots/largest_closetozero.png (PNG co
py)>]
Package atveryend Info: Empty hook `AfterLastShipout' on input line 40.
 (./miniproject_main.aux)
Package atveryend Info: Executing hook `AtVeryEndDocument' on input line 40.
Package atveryend Info: Empty hook `AtEndAfterFileList' on input line 40.


LaTeX Warning: There were undefined references.

Package atveryend Info: Empty hook `AtVeryVeryEnd' on input line 40.
 ) 
Here is how much of TeX's memory you used:
 12207 strings out of 493315
 176934 string characters out of 6137903
 396294 words of memory out of 5000000
 15400 multiletter control sequences out of 15000+600000
 23059 words of font info for 73 fonts, out of 8000000 for 9000
 957 hyphenation exceptions out of 8191
 35i,13n,43p,885b,585s stack positions out of 5000i,500n,10000p,200000b,80000s
{/usr/local/texlive/2013/texmf-dist/fonts/enc/dvips/cm-super/cm-super-t1.enc}
</usr/local/texlive/2013/texmf-dist/fonts/type1/public/amsfonts/cm/cmbx10.pfb><
/usr/local/texlive/2013/texmf-dist/fonts/type1/public/amsfonts/cm/cmex10.pfb></
usr/local/texlive/2013/texmf-dist/fonts/type1/public/amsfonts/cm/cmmi10.pfb></u
sr/local/texlive/2013/texmf-dist/fonts/type1/public/amsfonts/cm/cmmi5.pfb></usr
/local/texlive/2013/texmf-dist/fonts/type1/public/amsfonts/cm/cmmi7.pfb></usr/l
ocal/texlive/2013/texmf-dist/fonts/type1/public/amsfonts/cm/cmr10.pfb></usr/loc
al/texlive/2013/texmf-dist/fonts/type1/public/amsfonts/cm/cmr5.pfb></usr/local/
texlive/2013/texmf-dist/fonts/type1/public/amsfonts/cm/cmr7.pfb></usr/local/tex
live/2013/texmf-dist/fonts/type1/public/amsfonts/cm/cmsy10.pfb></usr/local/texl
ive/2013/texmf-dist/fonts/type1/public/amsfonts/cm/cmsy7.pfb></usr/local/texliv
e/2013/texmf-dist/fonts/type1/public/amsfonts/symbols/msbm10.pfb></usr/local/te
xlive/2013/texmf-dist/fonts/type1/public/cm-super/sfbx1000.pfb></usr/local/texl
ive/2013/texmf-dist/fonts/type1/public/cm-super/sfbx1440.pfb></usr/local/texliv
e/2013/texmf-dist/fonts/type1/public/cm-super/sfrm0900.pfb></usr/local/texlive/
2013/texmf-dist/fonts/type1/public/cm-super/sfrm1000.pfb></usr/local/texlive/20
13/texmf-dist/fonts/type1/public/cm-super/sfrm1200.pfb></usr/local/texlive/2013
/texmf-dist/fonts/type1/public/cm-super/sfrm1728.pfb>
Output written on miniproject_main.pdf (5 pages, 237385 bytes).
PDF statistics:
 145 PDF objects out of 1000 (max. 8388607)
 114 compressed objects within 2 object streams
 21 named destinations out of 1000 (max. 500000)
 50 words of extra memory for PDF output out of 10000 (max. 10000000)

